mode: set
github.com/weitzer-org/sound-builder/internal/api/auth.go:23.50,30.2 5 1
github.com/weitzer-org/sound-builder/internal/api/auth.go:32.61,34.21 2 1
github.com/weitzer-org/sound-builder/internal/api/auth.go:34.21,36.3 1 1
github.com/weitzer-org/sound-builder/internal/api/auth.go:38.2,39.16 2 1
github.com/weitzer-org/sound-builder/internal/api/auth.go:39.16,41.3 1 0
github.com/weitzer-org/sound-builder/internal/api/auth.go:43.2,43.36 1 1
github.com/weitzer-org/sound-builder/internal/api/auth.go:43.36,45.3 1 0
github.com/weitzer-org/sound-builder/internal/api/auth.go:47.2,51.64 4 1
github.com/weitzer-org/sound-builder/internal/api/auth.go:57.65,58.71 1 1
github.com/weitzer-org/sound-builder/internal/api/auth.go:58.71,60.17 2 1
github.com/weitzer-org/sound-builder/internal/api/auth.go:60.17,61.44 1 1
github.com/weitzer-org/sound-builder/internal/api/auth.go:61.44,64.5 2 1
github.com/weitzer-org/sound-builder/internal/api/auth.go:64.10,66.5 1 1
github.com/weitzer-org/sound-builder/internal/api/auth.go:67.4,67.10 1 1
github.com/weitzer-org/sound-builder/internal/api/auth.go:70.3,73.40 4 1
github.com/weitzer-org/sound-builder/internal/api/auth.go:73.40,75.4 1 0
github.com/weitzer-org/sound-builder/internal/api/auth.go:78.3,79.17 2 1
github.com/weitzer-org/sound-builder/internal/api/auth.go:79.17,83.4 3 1
github.com/weitzer-org/sound-builder/internal/api/auth.go:84.3,86.59 2 1
github.com/weitzer-org/sound-builder/internal/api/auth.go:86.59,87.44 1 1
github.com/weitzer-org/sound-builder/internal/api/auth.go:87.44,90.5 2 0
github.com/weitzer-org/sound-builder/internal/api/auth.go:90.10,92.5 1 1
github.com/weitzer-org/sound-builder/internal/api/auth.go:93.4,93.10 1 1
github.com/weitzer-org/sound-builder/internal/api/auth.go:96.3,96.23 1 1
github.com/weitzer-org/sound-builder/internal/api/auth.go:101.54,102.54 1 1
github.com/weitzer-org/sound-builder/internal/api/auth.go:102.54,104.3 1 1
github.com/weitzer-org/sound-builder/internal/api/auth.go:108.56,109.54 1 1
github.com/weitzer-org/sound-builder/internal/api/auth.go:109.54,110.34 1 1
github.com/weitzer-org/sound-builder/internal/api/auth.go:110.34,113.4 2 0
github.com/weitzer-org/sound-builder/internal/api/auth.go:115.3,116.17 2 1
github.com/weitzer-org/sound-builder/internal/api/auth.go:116.17,119.4 2 0
github.com/weitzer-org/sound-builder/internal/api/auth.go:121.3,126.40 5 1
github.com/weitzer-org/sound-builder/internal/api/auth.go:126.40,128.4 1 0
github.com/weitzer-org/sound-builder/internal/api/auth.go:130.3,131.17 2 1
github.com/weitzer-org/sound-builder/internal/api/auth.go:131.17,136.4 4 0
github.com/weitzer-org/sound-builder/internal/api/auth.go:137.3,139.44 2 1
github.com/weitzer-org/sound-builder/internal/api/auth.go:139.44,154.4 4 1
github.com/weitzer-org/sound-builder/internal/api/auth.go:154.9,158.4 2 1
github.com/weitzer-org/sound-builder/internal/api/handlers_preset.go:22.90,24.16 2 1
github.com/weitzer-org/sound-builder/internal/api/handlers_preset.go:24.16,26.3 1 1
github.com/weitzer-org/sound-builder/internal/api/handlers_preset.go:28.2,33.28 3 1
github.com/weitzer-org/sound-builder/internal/api/handlers_preset.go:33.28,35.17 2 1
github.com/weitzer-org/sound-builder/internal/api/handlers_preset.go:35.17,37.4 1 0
github.com/weitzer-org/sound-builder/internal/api/handlers_preset.go:38.3,38.49 1 1
github.com/weitzer-org/sound-builder/internal/api/handlers_preset.go:41.2,41.40 1 1
github.com/weitzer-org/sound-builder/internal/api/handlers_preset.go:41.40,42.35 1 1
github.com/weitzer-org/sound-builder/internal/api/handlers_preset.go:42.35,44.4 1 1
github.com/weitzer-org/sound-builder/internal/api/handlers_preset.go:45.3,45.38 1 0
github.com/weitzer-org/sound-builder/internal/api/handlers_preset.go:48.2,49.27 2 1
github.com/weitzer-org/sound-builder/internal/api/handlers_preset.go:49.27,51.3 1 1
github.com/weitzer-org/sound-builder/internal/api/handlers_preset.go:52.2,56.28 4 1
github.com/weitzer-org/sound-builder/internal/api/handlers_preset.go:56.28,57.31 1 1
github.com/weitzer-org/sound-builder/internal/api/handlers_preset.go:57.31,59.22 2 1
github.com/weitzer-org/sound-builder/internal/api/handlers_preset.go:59.22,61.24 1 1
github.com/weitzer-org/sound-builder/internal/api/handlers_preset.go:61.24,63.6 1 1
github.com/weitzer-org/sound-builder/internal/api/handlers_preset.go:64.5,64.13 1 1
github.com/weitzer-org/sound-builder/internal/api/handlers_preset.go:67.3,67.41 1 1
github.com/weitzer-org/sound-builder/internal/api/handlers_preset.go:69.2,69.21 1 1
github.com/weitzer-org/sound-builder/internal/api/handlers_preset.go:73.71,74.23 1 1
github.com/weitzer-org/sound-builder/internal/api/handlers_preset.go:74.23,76.3 1 1
github.com/weitzer-org/sound-builder/internal/api/handlers_preset.go:78.2,83.28 3 1
github.com/weitzer-org/sound-builder/internal/api/handlers_preset.go:83.28,85.17 2 1
github.com/weitzer-org/sound-builder/internal/api/handlers_preset.go:85.17,87.4 1 0
github.com/weitzer-org/sound-builder/internal/api/handlers_preset.go:88.3,88.49 1 1
github.com/weitzer-org/sound-builder/internal/api/handlers_preset.go:91.2,91.40 1 1
github.com/weitzer-org/sound-builder/internal/api/handlers_preset.go:91.40,92.35 1 1
github.com/weitzer-org/sound-builder/internal/api/handlers_preset.go:92.35,94.4 1 1
github.com/weitzer-org/sound-builder/internal/api/handlers_preset.go:95.3,95.38 1 0
github.com/weitzer-org/sound-builder/internal/api/handlers_preset.go:98.2,99.27 2 1
github.com/weitzer-org/sound-builder/internal/api/handlers_preset.go:99.27,101.3 1 1
github.com/weitzer-org/sound-builder/internal/api/handlers_preset.go:102.2,109.28 6 1
github.com/weitzer-org/sound-builder/internal/api/handlers_preset.go:109.28,110.31 1 1
github.com/weitzer-org/sound-builder/internal/api/handlers_preset.go:110.31,112.34 2 1
github.com/weitzer-org/sound-builder/internal/api/handlers_preset.go:112.34,113.13 1 0
github.com/weitzer-org/sound-builder/internal/api/handlers_preset.go:117.3,117.37 1 1
github.com/weitzer-org/sound-builder/internal/api/handlers_preset.go:117.37,122.9 2 0
github.com/weitzer-org/sound-builder/internal/api/handlers_preset.go:124.3,137.39 2 1
github.com/weitzer-org/sound-builder/internal/api/handlers_preset.go:139.2,140.22 2 1
github.com/weitzer-org/sound-builder/internal/api/handlers_preset.go:143.54,144.54 1 1
github.com/weitzer-org/sound-builder/internal/api/handlers_preset.go:144.54,146.17 2 1
github.com/weitzer-org/sound-builder/internal/api/handlers_preset.go:146.17,149.4 2 1
github.com/weitzer-org/sound-builder/internal/api/handlers_preset.go:151.3,153.54 3 1
github.com/weitzer-org/sound-builder/internal/api/handlers_preset.go:157.54,158.54 1 1
github.com/weitzer-org/sound-builder/internal/api/handlers_preset.go:158.54,159.39 1 1
github.com/weitzer-org/sound-builder/internal/api/handlers_preset.go:159.39,162.4 2 1
github.com/weitzer-org/sound-builder/internal/api/handlers_preset.go:164.3,166.17 3 1
github.com/weitzer-org/sound-builder/internal/api/handlers_preset.go:166.17,168.4 1 1
github.com/weitzer-org/sound-builder/internal/api/handlers_preset.go:170.3,175.59 2 1
github.com/weitzer-org/sound-builder/internal/api/handlers_preset.go:175.59,179.4 3 1
github.com/weitzer-org/sound-builder/internal/api/handlers_preset.go:182.3,196.31 5 1
github.com/weitzer-org/sound-builder/internal/api/handlers_preset.go:200.56,201.54 1 1
github.com/weitzer-org/sound-builder/internal/api/handlers_preset.go:201.54,202.39 1 1
github.com/weitzer-org/sound-builder/internal/api/handlers_preset.go:202.39,205.4 2 1
github.com/weitzer-org/sound-builder/internal/api/handlers_preset.go:207.3,208.15 2 1
github.com/weitzer-org/sound-builder/internal/api/handlers_preset.go:208.15,211.4 2 1
github.com/weitzer-org/sound-builder/internal/api/handlers_preset.go:213.3,213.57 1 1
github.com/weitzer-org/sound-builder/internal/api/handlers_preset.go:213.57,217.4 3 1
github.com/weitzer-org/sound-builder/internal/api/handlers_preset.go:220.3,222.52 3 1
github.com/weitzer-org/sound-builder/internal/api/handlers_preset.go:226.56,227.54 1 1
github.com/weitzer-org/sound-builder/internal/api/handlers_preset.go:227.54,229.15 2 1
github.com/weitzer-org/sound-builder/internal/api/handlers_preset.go:229.15,232.4 2 1
github.com/weitzer-org/sound-builder/internal/api/handlers_preset.go:234.3,236.17 3 1
github.com/weitzer-org/sound-builder/internal/api/handlers_preset.go:236.17,239.4 2 1
github.com/weitzer-org/sound-builder/internal/api/handlers_preset.go:241.3,242.56 2 1
github.com/weitzer-org/sound-builder/internal/api/handlers_preset.go:246.54,247.54 1 1
github.com/weitzer-org/sound-builder/internal/api/handlers_preset.go:247.54,248.39 1 1
github.com/weitzer-org/sound-builder/internal/api/handlers_preset.go:248.39,251.4 2 1
github.com/weitzer-org/sound-builder/internal/api/handlers_preset.go:253.3,256.17 4 1
github.com/weitzer-org/sound-builder/internal/api/handlers_preset.go:256.17,259.4 2 1
github.com/weitzer-org/sound-builder/internal/api/handlers_preset.go:261.3,262.20 2 1
github.com/weitzer-org/sound-builder/internal/api/handlers_preset.go:262.20,264.4 1 1
github.com/weitzer-org/sound-builder/internal/api/handlers_preset.go:267.3,273.29 2 1
github.com/weitzer-org/sound-builder/internal/api/handlers_preset.go:273.29,275.4 1 0
github.com/weitzer-org/sound-builder/internal/api/handlers_preset.go:277.3,277.50 1 1
github.com/weitzer-org/sound-builder/internal/api/handlers_preset.go:277.50,280.4 2 1
github.com/weitzer-org/sound-builder/internal/api/handlers_preset.go:282.3,286.29 3 1
github.com/weitzer-org/sound-builder/internal/api/handlers_preset.go:286.29,287.24 1 1
github.com/weitzer-org/sound-builder/internal/api/handlers_preset.go:287.24,289.10 2 1
github.com/weitzer-org/sound-builder/internal/api/handlers_preset.go:292.3,292.13 1 1
github.com/weitzer-org/sound-builder/internal/api/handlers_preset.go:292.13,294.4 1 0
github.com/weitzer-org/sound-builder/internal/api/handlers_preset.go:296.3,304.28 3 1
github.com/weitzer-org/sound-builder/internal/api/handlers_preset.go:308.61,309.54 1 1
github.com/weitzer-org/sound-builder/internal/api/handlers_preset.go:309.54,310.39 1 1
github.com/weitzer-org/sound-builder/internal/api/handlers_preset.go:310.39,313.4 2 1
github.com/weitzer-org/sound-builder/internal/api/handlers_preset.go:315.3,316.15 2 1
github.com/weitzer-org/sound-builder/internal/api/handlers_preset.go:316.15,319.4 2 1
github.com/weitzer-org/sound-builder/internal/api/handlers_preset.go:321.3,321.57 1 1
github.com/weitzer-org/sound-builder/internal/api/handlers_preset.go:321.57,325.4 3 1
github.com/weitzer-org/sound-builder/internal/api/handlers_preset.go:328.3,329.31 2 1
github.com/weitzer-org/sound-builder/internal/api/handlers_preset.go:333.56,334.54 1 1
github.com/weitzer-org/sound-builder/internal/api/handlers_preset.go:334.54,335.39 1 1
github.com/weitzer-org/sound-builder/internal/api/handlers_preset.go:335.39,338.4 2 1
github.com/weitzer-org/sound-builder/internal/api/handlers_preset.go:340.3,342.17 3 1
github.com/weitzer-org/sound-builder/internal/api/handlers_preset.go:342.17,344.4 1 1
github.com/weitzer-org/sound-builder/internal/api/handlers_preset.go:345.3,345.29 1 1
github.com/weitzer-org/sound-builder/internal/api/handlers_preset.go:345.29,348.4 2 1
github.com/weitzer-org/sound-builder/internal/api/handlers_preset.go:350.3,352.17 3 1
github.com/weitzer-org/sound-builder/internal/api/handlers_preset.go:352.17,355.4 2 1
github.com/weitzer-org/sound-builder/internal/api/handlers_preset.go:357.3,358.46 2 1
github.com/weitzer-org/sound-builder/internal/api/handlers_preset.go:358.46,362.4 3 1
github.com/weitzer-org/sound-builder/internal/api/handlers_preset.go:365.3,377.31 4 1
github.com/weitzer-org/sound-builder/internal/api/handlers_preset.go:382.77,387.28 2 1
github.com/weitzer-org/sound-builder/internal/api/handlers_preset.go:387.28,389.37 2 1
github.com/weitzer-org/sound-builder/internal/api/handlers_preset.go:389.37,390.27 1 1
github.com/weitzer-org/sound-builder/internal/api/handlers_preset.go:390.27,392.5 1 1
github.com/weitzer-org/sound-builder/internal/api/handlers_preset.go:392.10,394.5 1 1
github.com/weitzer-org/sound-builder/internal/api/handlers_preset.go:397.3,404.15 1 1
github.com/weitzer-org/sound-builder/internal/api/handlers_preset.go:407.2,408.30 2 1
github.com/weitzer-org/sound-builder/internal/api/handlers_preset.go:408.30,419.3 1 1
github.com/weitzer-org/sound-builder/internal/api/handlers_preset.go:419.8,439.3 1 1
github.com/weitzer-org/sound-builder/internal/api/handlers_preset.go:442.2,443.69 2 1
github.com/weitzer-org/sound-builder/internal/api/handlers_preset.go:443.69,446.3 1 1
github.com/weitzer-org/sound-builder/internal/api/handlers_preset.go:448.2,452.47 4 1
github.com/weitzer-org/sound-builder/internal/api/handlers_preset.go:452.47,455.12 3 1
github.com/weitzer-org/sound-builder/internal/api/handlers_preset.go:455.12,459.4 3 1
github.com/weitzer-org/sound-builder/internal/api/handlers_preset.go:461.3,472.39 4 1
github.com/weitzer-org/sound-builder/internal/api/handlers_preset.go:475.2,503.28 6 1
github.com/weitzer-org/sound-builder/internal/api/handlers_preset.go:503.28,505.34 2 1
github.com/weitzer-org/sound-builder/internal/api/handlers_preset.go:505.34,515.4 4 0
github.com/weitzer-org/sound-builder/internal/api/handlers_preset.go:518.2,519.16 2 1
github.com/weitzer-org/sound-builder/internal/api/handlers_preset.go:519.16,537.3 1 1
github.com/weitzer-org/sound-builder/internal/api/handlers_preset.go:537.8,560.3 1 1
github.com/weitzer-org/sound-builder/internal/api/handlers_preset.go:562.2,581.68 1 1
github.com/weitzer-org/sound-builder/internal/api/handlers_preset.go:584.54,585.54 1 1
github.com/weitzer-org/sound-builder/internal/api/handlers_preset.go:585.54,587.15 2 1
github.com/weitzer-org/sound-builder/internal/api/handlers_preset.go:587.15,590.4 2 1
github.com/weitzer-org/sound-builder/internal/api/handlers_preset.go:592.3,594.17 3 1
github.com/weitzer-org/sound-builder/internal/api/handlers_preset.go:594.17,597.4 2 1
github.com/weitzer-org/sound-builder/internal/api/handlers_preset.go:599.3,600.57 2 1
github.com/weitzer-org/sound-builder/internal/api/handlers_preset.go:604.54,605.54 1 1
github.com/weitzer-org/sound-builder/internal/api/handlers_preset.go:605.54,606.39 1 1
github.com/weitzer-org/sound-builder/internal/api/handlers_preset.go:606.39,609.4 2 1
github.com/weitzer-org/sound-builder/internal/api/handlers_preset.go:611.3,613.36 3 1
github.com/weitzer-org/sound-builder/internal/api/handlers_preset.go:613.36,616.4 2 1
github.com/weitzer-org/sound-builder/internal/api/handlers_preset.go:618.3,620.17 3 1
github.com/weitzer-org/sound-builder/internal/api/handlers_preset.go:620.17,623.4 2 1
github.com/weitzer-org/sound-builder/internal/api/handlers_preset.go:625.3,626.17 2 1
github.com/weitzer-org/sound-builder/internal/api/handlers_preset.go:626.17,629.4 2 1
github.com/weitzer-org/sound-builder/internal/api/handlers_preset.go:631.3,632.17 2 1
github.com/weitzer-org/sound-builder/internal/api/handlers_preset.go:632.17,635.4 2 1
github.com/weitzer-org/sound-builder/internal/api/handlers_preset.go:636.3,638.72 2 1
github.com/weitzer-org/sound-builder/internal/api/handlers_preset.go:638.72,640.4 1 0
github.com/weitzer-org/sound-builder/internal/api/handlers_preset.go:643.3,644.17 2 1
github.com/weitzer-org/sound-builder/internal/api/handlers_preset.go:644.17,647.4 2 1
github.com/weitzer-org/sound-builder/internal/api/handlers_preset.go:650.3,664.73 7 1
github.com/weitzer-org/sound-builder/internal/api/handlers_preset.go:664.73,668.4 3 1
github.com/weitzer-org/sound-builder/internal/api/handlers_preset.go:671.3,675.65 3 1
github.com/weitzer-org/sound-builder/internal/api/handlers_preset.go:675.65,677.45 2 1
github.com/weitzer-org/sound-builder/internal/api/handlers_preset.go:677.45,679.5 1 1
github.com/weitzer-org/sound-builder/internal/api/handlers_preset.go:682.3,684.67 2 1
github.com/weitzer-org/sound-builder/internal/api/handlers_preset.go:684.67,686.4 1 0
github.com/weitzer-org/sound-builder/internal/api/handlers_preset.go:688.3,688.32 1 1
github.com/weitzer-org/sound-builder/internal/api/handlers_preset.go:688.32,690.18 2 1
github.com/weitzer-org/sound-builder/internal/api/handlers_preset.go:690.18,692.5 1 0
github.com/weitzer-org/sound-builder/internal/api/handlers_preset.go:692.10,694.5 1 1
github.com/weitzer-org/sound-builder/internal/api/handlers_preset.go:698.3,703.28 4 1
github.com/weitzer-org/sound-builder/internal/api/server.go:31.225,42.2 3 1
github.com/weitzer-org/sound-builder/internal/api/server.go:45.27,47.74 1 1
github.com/weitzer-org/sound-builder/internal/api/server.go:47.74,48.33 1 1
github.com/weitzer-org/sound-builder/internal/api/server.go:48.33,50.4 1 1
github.com/weitzer-org/sound-builder/internal/api/server.go:50.9,50.41 1 1
github.com/weitzer-org/sound-builder/internal/api/server.go:50.41,52.4 1 1
github.com/weitzer-org/sound-builder/internal/api/server.go:52.9,54.4 1 1
github.com/weitzer-org/sound-builder/internal/api/server.go:58.2,72.89 11 1
github.com/weitzer-org/sound-builder/internal/api/server.go:76.43,78.2 1 1
github.com/weitzer-org/sound-builder/internal/api/server.go:81.49,82.54 1 1
github.com/weitzer-org/sound-builder/internal/api/server.go:82.54,84.3 1 1
github.com/weitzer-org/sound-builder/internal/api/server.go:88.58,89.54 1 1
github.com/weitzer-org/sound-builder/internal/api/server.go:89.54,90.34 1 1
github.com/weitzer-org/sound-builder/internal/api/server.go:90.34,93.4 2 1
github.com/weitzer-org/sound-builder/internal/api/server.go:95.3,102.19 5 1
github.com/weitzer-org/sound-builder/internal/api/server.go:102.19,104.27 2 1
github.com/weitzer-org/sound-builder/internal/api/server.go:104.27,106.19 2 1
github.com/weitzer-org/sound-builder/internal/api/server.go:106.19,111.6 4 0
github.com/weitzer-org/sound-builder/internal/api/server.go:112.5,112.24 1 1
github.com/weitzer-org/sound-builder/internal/api/server.go:114.4,115.23 2 1
github.com/weitzer-org/sound-builder/internal/api/server.go:119.3,120.17 2 1
github.com/weitzer-org/sound-builder/internal/api/server.go:120.17,124.4 3 1
github.com/weitzer-org/sound-builder/internal/api/server.go:125.3,128.39 2 1
github.com/weitzer-org/sound-builder/internal/api/server.go:128.39,132.4 3 0
github.com/weitzer-org/sound-builder/internal/api/server.go:134.3,134.72 1 1
github.com/weitzer-org/sound-builder/internal/api/server.go:134.72,136.4 1 0
github.com/weitzer-org/sound-builder/internal/api/server.go:139.3,140.17 2 1
github.com/weitzer-org/sound-builder/internal/api/server.go:140.17,143.4 2 1
github.com/weitzer-org/sound-builder/internal/api/server.go:145.3,158.17 6 1
github.com/weitzer-org/sound-builder/internal/api/server.go:158.17,162.4 3 1
github.com/weitzer-org/sound-builder/internal/api/server.go:165.3,178.72 7 1
github.com/weitzer-org/sound-builder/internal/api/server.go:178.72,182.4 3 1
github.com/weitzer-org/sound-builder/internal/api/server.go:185.3,186.44 2 1
github.com/weitzer-org/sound-builder/internal/api/server.go:186.44,188.4 1 0
github.com/weitzer-org/sound-builder/internal/api/server.go:189.3,192.47 3 1
github.com/weitzer-org/sound-builder/internal/api/server.go:192.47,194.4 1 0
github.com/weitzer-org/sound-builder/internal/api/server.go:196.3,197.24 2 1
github.com/weitzer-org/sound-builder/internal/api/server.go:197.24,202.4 1 1
github.com/weitzer-org/sound-builder/internal/api/server.go:204.3,207.17 3 1
github.com/weitzer-org/sound-builder/internal/api/server.go:207.17,211.4 3 0
github.com/weitzer-org/sound-builder/internal/api/server.go:213.3,223.56 2 1
github.com/weitzer-org/sound-builder/internal/api/server.go:223.56,227.4 3 0
github.com/weitzer-org/sound-builder/internal/api/server.go:230.3,242.28 3 1
